<?xml version="1.0" encoding="UTF-8"?>
<!-- Generated by org.testng.reporters.JUnitReportReporter -->
<testsuite hostname="DESKTOP-5EVK54D" failures="0" tests="1" name="serializationanddeserialization.Get_ListUsers" time="6.316" errors="0" timestamp="2023-08-06T20:19:48 IST" skipped="0">
  <testcase classname="serializationanddeserialization.Get_ListUsers" name="getUsers" time="6.316"/>
  <system-out/>
</testsuite> <!-- serializationanddeserialization.Get_ListUsers -->
