<?xml version="1.0" encoding="UTF-8"?>
<!-- Generated by org.testng.reporters.JUnitReportReporter -->
<testsuite hostname="DESKTOP-5EVK54D" failures="0" tests="1" name="fetchdatafromresponse.FetchingDataFromComplexJson" time="10.223" errors="0" timestamp="2023-08-03T19:45:32 IST" skipped="0">
  <testcase classname="fetchdatafromresponse.FetchingDataFromComplexJson" name="getUsers" time="10.223"/>
  <system-out/>
</testsuite> <!-- fetchdatafromresponse.FetchingDataFromComplexJson -->
