<?xml version="1.0" encoding="UTF-8"?>
<!-- Generated by org.testng.reporters.JUnitReportReporter -->
<testsuite hostname="DESKTOP-5EVK54D" failures="0" tests="1" name="basics.Create_UserTakingBodyFromOtherClass" time="7.378" errors="0" timestamp="2023-08-04T19:18:46 IST" skipped="0">
  <testcase classname="basics.Create_UserTakingBodyFromOtherClass" name="createUser" time="7.378"/>
  <system-out/>
</testsuite> <!-- basics.Create_UserTakingBodyFromOtherClass -->
