<?xml version="1.0" encoding="UTF-8"?>
<!-- Generated by org.testng.reporters.JUnitReportReporter -->
<testsuite hostname="DESKTOP-5EVK54D" failures="0" tests="1" name="fetchdatafromresponse.FetchDetailsFromReadyMadeJson" time="4.613" errors="0" timestamp="2023-08-04T19:34:50 IST" skipped="0">
  <testcase classname="fetchdatafromresponse.FetchDetailsFromReadyMadeJson" name="fetchData" time="4.613"/>
  <system-out/>
</testsuite> <!-- fetchdatafromresponse.FetchDetailsFromReadyMadeJson -->
