<?xml version="1.0" encoding="UTF-8"?>
<!-- Generated by org.testng.reporters.JUnitReportReporter -->
<testsuite hostname="DESKTOP-5EVK54D" failures="0" tests="1" name="basics.GET_ListUsers" time="6.019" errors="0" timestamp="2023-08-01T20:02:05 IST" skipped="0">
  <testcase classname="basics.GET_ListUsers" name="getUsers" time="6.019"/>
  <system-out/>
</testsuite> <!-- basics.GET_ListUsers -->
