<?xml version="1.0" encoding="UTF-8"?>
<!-- Generated by org.testng.reporters.JUnitReportReporter -->
<testsuite hostname="DESKTOP-5EVK54D" failures="0" tests="2" name="fetchdatafromresponse.APIChaining" time="9.390" errors="0" timestamp="2023-08-03T19:16:03 IST" skipped="0">
  <testcase classname="fetchdatafromresponse.APIChaining" name="createUser" time="8.162"/>
  <system-out/>
  <testcase classname="fetchdatafromresponse.APIChaining" name="getUserDetails" time="1.228"/>
  <system-out/>
</testsuite> <!-- fetchdatafromresponse.APIChaining -->
