<?xml version="1.0" encoding="UTF-8"?>
<!-- Generated by org.testng.reporters.JUnitReportReporter -->
<testsuite hostname="DESKTOP-5EVK54D" failures="0" tests="2" name="basics.POST_CreatingUser" time="8.276" errors="0" timestamp="2023-08-02T19:44:00 IST" skipped="0">
  <testcase classname="basics.POST_CreatingUser" name="createUser" time="7.009"/>
  <system-out/>
  <testcase classname="basics.POST_CreatingUser" name="getUserDetails" time="1.267"/>
  <system-out/>
</testsuite> <!-- basics.POST_CreatingUser -->
