<?xml version="1.0" encoding="UTF-8"?>
<!-- Generated by org.testng.reporters.JUnitReportReporter -->
<testsuite hostname="DESKTOP-5EVK54D" failures="0" tests="1" name="serializationanddeserialization.CreateUser" time="8.895" errors="0" timestamp="2023-08-06T19:50:45 IST" skipped="0">
  <testcase classname="serializationanddeserialization.CreateUser" name="createUser" time="8.895"/>
  <system-out/>
</testsuite> <!-- serializationanddeserialization.CreateUser -->
