<?xml version="1.0" encoding="UTF-8"?>
<!-- Generated by org.testng.reporters.JUnitReportReporter -->
<testsuite hostname="DESKTOP-5EVK54D" failures="0" tests="1" name="fetchdatafromresponse.GET_ListUser" time="7.006" errors="0" timestamp="2023-08-03T19:26:00 IST" skipped="0">
  <testcase classname="fetchdatafromresponse.GET_ListUser" name="getUsers" time="7.006"/>
  <system-out/>
</testsuite> <!-- fetchdatafromresponse.GET_ListUser -->
