<?xml version="1.0" encoding="UTF-8"?>
<!-- Generated by org.testng.reporters.JUnitReportReporter -->
<testsuite hostname="DESKTOP-5EVK54D" failures="0" tests="1" name="ecom.LoginAPI" time="11.970" errors="0" timestamp="2023-08-07T20:41:47 IST" skipped="0">
  <testcase classname="ecom.LoginAPI" name="createUser" time="11.970"/>
  <system-out/>
</testsuite> <!-- ecom.LoginAPI -->
