<?xml version="1.0" encoding="UTF-8"?>
<!-- Generated by org.testng.reporters.JUnitReportReporter -->
<testsuite hostname="DESKTOP-5EVK54D" failures="0" tests="1" name="ecom.PlaceOrder" time="0.247" errors="0" timestamp="2023-08-08T19:46:36 IST" skipped="0">
  <testcase classname="ecom.PlaceOrder" name="placeOrder" time="0.247"/>
  <system-out/>
</testsuite> <!-- ecom.PlaceOrder -->
