<?xml version="1.0" encoding="UTF-8"?>
<!-- Generated by org.testng.reporters.JUnitReportReporter -->
<testsuite hostname="DESKTOP-5EVK54D" failures="0" tests="1" name="fetchdatafromresponse.GET_ListUser" time="8.173" errors="0" timestamp="2023-08-08T19:52:44 IST" skipped="0">
  <testcase classname="fetchdatafromresponse.GET_ListUser" name="getUsers" time="8.173"/>
  <system-out/>
</testsuite> <!-- fetchdatafromresponse.GET_ListUser -->
